<?xml version="1.0" encoding="UTF-8"?>
<testng-results ignored="0" total="1" passed="1" failed="0" skipped="0">
  <reporter-output>
  </reporter-output>
  <suite started-at="2022-02-12T16:09:46 IST" name="Default suite" finished-at="2022-02-12T16:09:49 IST" duration-ms="3146">
    <groups>
    </groups>
    <test started-at="2022-02-12T16:09:46 IST" name="Default test" finished-at="2022-02-12T16:09:49 IST" duration-ms="3146">
      <class name="Assignment.AddSingleProjectwithCreatedStatus">
        <test-method signature="createproject()[pri:0, instance:Assignment.AddSingleProjectwithCreatedStatus@73ee04c8]" started-at="2022-02-12T16:09:46 IST" name="createproject" finished-at="2022-02-12T16:09:49 IST" duration-ms="3088" status="PASS">
          <reporter-output>
          </reporter-output>
        </test-method> <!-- createproject -->
      </class> <!-- Assignment.AddSingleProjectwithCreatedStatus -->
    </test> <!-- Default test -->
  </suite> <!-- Default suite -->
</testng-results>
